<?xml version="1.0" encoding="UTF-8"?>
<!-- Generated by org.testng.reporters.JUnitXMLReporter -->
<testsuite hostname="UDIND-LP044" ignored="0" name="Test2" tests="4" failures="0" timestamp="13 Jun 2022 08:51:48 GMT" time="0.032" errors="0">
  <testcase name="test1" time="0.01" classname="Demo.TestNGGroupsDemo"/>
  <testcase name="test2" time="0.001" classname="Demo.TestNGGroupsDemo"/>
  <testcase name="test3" time="0.002" classname="Demo.TestNGGroupsDemo"/>
  <testcase name="test4" time="0.001" classname="Demo.TestNGGroupsDemo"/>
</testsuite> <!-- Test2 -->
