<?xml version="1.0" encoding="UTF-8"?>
<!-- Generated by org.testng.reporters.JUnitXMLReporter -->
<testsuite hostname="UDIND-LP044" ignored="0" name="Test" tests="6" failures="0" timestamp="13 Jun 2022 07:30:11 GMT" time="16.297" errors="0">
  <testcase name="test1" time="0.007" classname="Listeners.TestNGListenerDemo"/>
  <testcase name="test2" time="16.239" classname="Listeners.TestNGListenerDemo"/>
  <testcase name="test3" time="0.006" classname="Listeners.TestNGListenerDemo">
    <skipped/>
  </testcase> <!-- test3 -->
  <testcase name="test4" time="0.002" classname="Listeners.TestNGListenerDemo2"/>
  <testcase name="test5" time="0.002" classname="Listeners.TestNGListenerDemo2"/>
  <testcase name="test6" time="0.002" classname="Listeners.TestNGListenerDemo2">
    <skipped/>
  </testcase> <!-- test6 -->
</testsuite> <!-- Test -->
